2015/10/25 15:41:37 にビルドを開始しました。
     1>ノード 2 上のプロジェクト "C:\Splatoon\Splatoon\Splatoon.vcxproj" (Build ターゲット)。
     1>ClCompile:
         C:\Program Files (x86)\Microsoft Visual Studio 12.0\VC\bin\CL.exe /c /I"C:\DxLib_VC\プロジェクトに追加すべきファイル_VC用" /ZI /nologo /W3 /WX- /sdl /Od /Oy- /D WIN32 /D _DEBUG /D _WINDOWS /D _MBCS /Gm /EHsc /RTC1 /MTd /GS /fp:precise /Zc:wchar_t /Zc:forScope /Fo"Debug\\" /Fd"Debug\vc120.pdb" /Gd /TP /analyze- /errorReport:prompt Chara.cpp Description.cpp Enemy.cpp Field.cpp Main.cpp Modeselect.cpp Result.cpp Weapon.cpp
         Main.cpp
         コードを生成中...
         コンパイル中...
         Weapon.cpp
         Result.cpp
         Modeselect.cpp
         Field.cpp
         Enemy.cpp
         Description.cpp
         Chara.cpp
         コードを生成中...
       Link:
         C:\Program Files (x86)\Microsoft Visual Studio 12.0\VC\bin\link.exe /ERRORREPORT:PROMPT /OUT:"C:\Splatoon\Splatoon\Debug\Splatoon.exe" /INCREMENTAL /NOLOGO /LIBPATH:"C:\DxLib_VC\プロジェクトに追加すべきファイル_VC用" kernel32.lib user32.lib gdi32.lib winspool.lib comdlg32.lib advapi32.lib shell32.lib ole32.lib oleaut32.lib uuid.lib odbc32.lib odbccp32.lib /MANIFEST /MANIFESTUAC:"level='asInvoker' uiAccess='false'" /manifest:embed /DEBUG /PDB:"C:\Splatoon\Splatoon\Debug\Splatoon.pdb" /SUBSYSTEM:WINDOWS /TLBID:1 /DYNAMICBASE /NXCOMPAT /IMPLIB:"C:\Splatoon\Splatoon\Debug\Splatoon.lib" /MACHINE:X86 Debug\Ai.obj
         Debug\Chara.obj
         Debug\Description.obj
         Debug\Enemy.obj
         Debug\Field.obj
         Debug\Main.obj
         Debug\Key.obj
         Debug\Modeselect.obj
         Debug\Result.obj
         Debug\Weapon.obj
         Splatoon.vcxproj -> C:\Splatoon\Splatoon\Debug\Splatoon.exe
     1>プロジェクト "C:\Splatoon\Splatoon\Splatoon.vcxproj" (Build ターゲット) のビルドが完了しました。

ビルドに成功しました。

経過時間 00:00:05.35
